0 info it worked if it ends with ok
1 verbose cli [ '/usr/local/bin/node', '/usr/local/bin/npm', 'run', 'dev' ]
2 info using npm@3.10.10
3 info using node@v6.10.0
4 verbose run-script [ 'predev', 'dev', 'postdev' ]
5 info lifecycle bolaiya-web@1.0.0~predev: bolaiya-web@1.0.0
6 silly lifecycle bolaiya-web@1.0.0~predev: no script for predev, continuing
7 info lifecycle bolaiya-web@1.0.0~dev: bolaiya-web@1.0.0
8 verbose lifecycle bolaiya-web@1.0.0~dev: unsafe-perm in lifecycle true
9 verbose lifecycle bolaiya-web@1.0.0~dev: PATH: /usr/local/lib/node_modules/npm/bin/node-gyp-bin:/Users/ganqiantai/Desktop/gitWork/qiahao/bolaiya-web/node_modules/.bin:/Library/Frameworks/Python.framework/Versions/3.5/bin:/Users/ganqiantai/.rvm/gems/ruby-2.2.4/bin:/Users/ganqiantai/.rvm/gems/ruby-2.2.4@global/bin:/Users/ganqiantai/.rvm/rubies/ruby-2.2.4/bin:/Library/Java/JavaVirtualMachines/jdk1.8.0_60.jdk/Contents/Home/bin:/usr/local/bin:/usr/bin:/bin:/usr/sbin:/sbin:.:/usr/local/mysql-5.7.18-macos10.12-x86_64/bin:/Users/ganqiantai/.rvm/bin
10 verbose lifecycle bolaiya-web@1.0.0~dev: CWD: /Users/ganqiantai/Desktop/gitWork/qiahao/bolaiya-web
11 silly lifecycle bolaiya-web@1.0.0~dev: Args: [ '-c',
11 silly lifecycle   'webpack-dev-server --content-base ./ --open --inline --hot --compress --history-api-fallback --config build/webpack.dev.config.js' ]
12 silly lifecycle bolaiya-web@1.0.0~dev: Returned: code: 1  signal: null
13 info lifecycle bolaiya-web@1.0.0~dev: Failed to exec dev script
14 verbose stack Error: bolaiya-web@1.0.0 dev: `webpack-dev-server --content-base ./ --open --inline --hot --compress --history-api-fallback --config build/webpack.dev.config.js`
14 verbose stack Exit status 1
14 verbose stack     at EventEmitter.<anonymous> (/usr/local/lib/node_modules/npm/lib/utils/lifecycle.js:255:16)
14 verbose stack     at emitTwo (events.js:106:13)
14 verbose stack     at EventEmitter.emit (events.js:191:7)
14 verbose stack     at ChildProcess.<anonymous> (/usr/local/lib/node_modules/npm/lib/utils/spawn.js:40:14)
14 verbose stack     at emitTwo (events.js:106:13)
14 verbose stack     at ChildProcess.emit (events.js:191:7)
14 verbose stack     at maybeClose (internal/child_process.js:877:16)
14 verbose stack     at Process.ChildProcess._handle.onexit (internal/child_process.js:226:5)
15 verbose pkgid bolaiya-web@1.0.0
16 verbose cwd /Users/ganqiantai/Desktop/gitWork/qiahao/bolaiya-web
17 error Darwin 16.4.0
18 error argv "/usr/local/bin/node" "/usr/local/bin/npm" "run" "dev"
19 error node v6.10.0
20 error npm  v3.10.10
21 error code ELIFECYCLE
22 error bolaiya-web@1.0.0 dev: `webpack-dev-server --content-base ./ --open --inline --hot --compress --history-api-fallback --config build/webpack.dev.config.js`
22 error Exit status 1
23 error Failed at the bolaiya-web@1.0.0 dev script 'webpack-dev-server --content-base ./ --open --inline --hot --compress --history-api-fallback --config build/webpack.dev.config.js'.
23 error Make sure you have the latest version of node.js and npm installed.
23 error If you do, this is most likely a problem with the bolaiya-web package,
23 error not with npm itself.
23 error Tell the author that this fails on your system:
23 error     webpack-dev-server --content-base ./ --open --inline --hot --compress --history-api-fallback --config build/webpack.dev.config.js
23 error You can get information on how to open an issue for this project with:
23 error     npm bugs bolaiya-web
23 error Or if that isn't available, you can get their info via:
23 error     npm owner ls bolaiya-web
23 error There is likely additional logging output above.
24 verbose exit [ 1, true ]
